<?xml version="1.0" encoding="UTF-8"?>
<testsuite name="com.useo.cashcard.CashCardApplicationTests" tests="1" skipped="0" failures="0" errors="0" timestamp="2024-05-08T16:43:22" hostname="MacBook-Pro-som-tillhor-Kim-2.local" time="0.621">
  <properties/>
  <testcase name="shouldNotAllowDeletionOfCashCardsTheyDoNotOwn()" classname="com.useo.cashcard.CashCardApplicationTests" time="0.621"/>
  <system-out><![CDATA[18:43:21.200 [Test worker] INFO org.springframework.test.context.support.AnnotationConfigContextLoaderUtils -- Could not detect default configuration classes for test class [com.useo.cashcard.CashCardApplicationTests]: CashCardApplicationTests does not declare any static, non-private, non-final, nested classes annotated with @Configuration.
18:43:21.239 [Test worker] INFO org.springframework.boot.test.context.SpringBootTestContextBootstrapper -- Found @SpringBootConfiguration com.useo.cashcard.CashCardApplication for test class com.useo.cashcard.CashCardApplicationTests

  .   ____          _            __ _ _
 /\\ / ___'_ __ _ _(_)_ __  __ _ \ \ \ \
( ( )\___ | '_ | '_| | '_ \/ _` | \ \ \ \
 \\/  ___)| |_)| | | | | || (_| |  ) ) ) )
  '  |____| .__|_| |_|_| |_\__, | / / / /
 =========|_|==============|___/=/_/_/_/
 :: Spring Boot ::                (v3.2.5)

2024-05-08T18:43:21.355+02:00  INFO 2410 --- [cashcard] [    Test worker] c.u.cashcard.CashCardApplicationTests    : Starting CashCardApplicationTests using Java 21.0.1 with PID 2410 (started by kimswartz in /Users/kimswartz/Documents/cashcard)
2024-05-08T18:43:21.355+02:00  INFO 2410 --- [cashcard] [    Test worker] c.u.cashcard.CashCardApplicationTests    : No active profile set, falling back to 1 default profile: "default"
2024-05-08T18:43:21.540+02:00  INFO 2410 --- [cashcard] [    Test worker] .s.d.r.c.RepositoryConfigurationDelegate : Bootstrapping Spring Data JDBC repositories in DEFAULT mode.
2024-05-08T18:43:21.554+02:00  INFO 2410 --- [cashcard] [    Test worker] .s.d.r.c.RepositoryConfigurationDelegate : Finished Spring Data repository scanning in 12 ms. Found 1 JDBC repository interface.
2024-05-08T18:43:21.731+02:00  INFO 2410 --- [cashcard] [    Test worker] o.s.b.w.embedded.tomcat.TomcatWebServer  : Tomcat initialized with port 0 (http)
2024-05-08T18:43:21.735+02:00  INFO 2410 --- [cashcard] [    Test worker] o.apache.catalina.core.StandardService   : Starting service [Tomcat]
2024-05-08T18:43:21.736+02:00  INFO 2410 --- [cashcard] [    Test worker] o.apache.catalina.core.StandardEngine    : Starting Servlet engine: [Apache Tomcat/10.1.20]
2024-05-08T18:43:21.754+02:00  INFO 2410 --- [cashcard] [    Test worker] o.a.c.c.C.[Tomcat].[localhost].[/]       : Initializing Spring embedded WebApplicationContext
2024-05-08T18:43:21.755+02:00  INFO 2410 --- [cashcard] [    Test worker] w.s.c.ServletWebServerApplicationContext : Root WebApplicationContext: initialization completed in 393 ms
2024-05-08T18:43:21.785+02:00  INFO 2410 --- [cashcard] [    Test worker] o.s.j.d.e.EmbeddedDatabaseFactory        : Starting embedded database: url='jdbc:h2:mem:ead5b918-39f2-4bb5-8536-065c56204a54;DB_CLOSE_DELAY=-1;DB_CLOSE_ON_EXIT=false', username='sa'
2024-05-08T18:43:22.233+02:00  INFO 2410 --- [cashcard] [    Test worker] o.s.s.web.DefaultSecurityFilterChain     : Will secure any request with [org.springframework.security.web.session.DisableEncodeUrlFilter@2b4829aa, org.springframework.security.web.context.request.async.WebAsyncManagerIntegrationFilter@794d28a3, org.springframework.security.web.context.SecurityContextHolderFilter@6921cfa, org.springframework.security.web.header.HeaderWriterFilter@40a28bda, org.springframework.web.filter.CorsFilter@a55e82a, org.springframework.security.web.authentication.logout.LogoutFilter@30c8c6ab, org.springframework.security.web.authentication.www.BasicAuthenticationFilter@208e5b23, org.springframework.security.web.savedrequest.RequestCacheAwareFilter@6e090aaa, org.springframework.security.web.servletapi.SecurityContextHolderAwareRequestFilter@15d79b70, org.springframework.security.web.authentication.AnonymousAuthenticationFilter@70ee9d31, org.springframework.security.web.access.ExceptionTranslationFilter@68821f6, org.springframework.security.web.access.intercept.AuthorizationFilter@60844992]
2024-05-08T18:43:22.294+02:00  INFO 2410 --- [cashcard] [    Test worker] o.s.b.w.embedded.tomcat.TomcatWebServer  : Tomcat started on port 50195 (http) with context path ''
2024-05-08T18:43:22.297+02:00  INFO 2410 --- [cashcard] [    Test worker] c.u.cashcard.CashCardApplicationTests    : Started CashCardApplicationTests in 1.019 seconds (process running for 1.374)
2024-05-08T18:43:22.656+02:00  INFO 2410 --- [cashcard] [o-auto-1-exec-1] o.a.c.c.C.[Tomcat].[localhost].[/]       : Initializing Spring DispatcherServlet 'dispatcherServlet'
2024-05-08T18:43:22.656+02:00  INFO 2410 --- [cashcard] [o-auto-1-exec-1] o.s.web.servlet.DispatcherServlet        : Initializing Servlet 'dispatcherServlet'
2024-05-08T18:43:22.657+02:00  INFO 2410 --- [cashcard] [o-auto-1-exec-1] o.s.web.servlet.DispatcherServlet        : Completed initialization in 1 ms
]]></system-out>
  <system-err><![CDATA[WARNING: A Java agent has been loaded dynamically (/Users/kimswartz/.gradle/caches/modules-2/files-2.1/net.bytebuddy/byte-buddy-agent/1.14.13/979ce25f7d3096a2e82214ba7dc972a05ce7a171/byte-buddy-agent-1.14.13.jar)
WARNING: If a serviceability tool is in use, please run with -XX:+EnableDynamicAgentLoading to hide this warning
WARNING: If a serviceability tool is not in use, please run with -Djdk.instrument.traceUsage for more information
WARNING: Dynamic loading of agents will be disallowed by default in a future release
]]></system-err>
</testsuite>
